  Source.cpp
C:\Users\User\Documents\RSF2-GP-Assignment\Assignment - Mr.cat\Assignment - Mr.cat\Source.cpp(45,23): warning C4305: 'initializing': truncation from 'double' to 'float'
C:\Users\User\Documents\RSF2-GP-Assignment\Assignment - Mr.cat\Assignment - Mr.cat\Source.cpp(225,27): warning C4305: '-=': truncation from 'double' to 'float'
C:\Users\User\Documents\RSF2-GP-Assignment\Assignment - Mr.cat\Assignment - Mr.cat\Source.cpp(768,30): warning C4305: 'argument': truncation from 'double' to 'GLfloat'
C:\Users\User\Documents\RSF2-GP-Assignment\Assignment - Mr.cat\Assignment - Mr.cat\Source.cpp(782,17): warning C4305: 'argument': truncation from 'double' to 'float'
C:\Users\User\Documents\RSF2-GP-Assignment\Assignment - Mr.cat\Assignment - Mr.cat\Source.cpp(787,28): warning C4305: 'argument': truncation from 'double' to 'GLfloat'
C:\Users\User\Documents\RSF2-GP-Assignment\Assignment - Mr.cat\Assignment - Mr.cat\Source.cpp(790,25): warning C4305: 'argument': truncation from 'double' to 'float'
C:\Users\User\Documents\RSF2-GP-Assignment\Assignment - Mr.cat\Assignment - Mr.cat\Source.cpp(795,28): warning C4305: 'argument': truncation from 'double' to 'GLfloat'
C:\Users\User\Documents\RSF2-GP-Assignment\Assignment - Mr.cat\Assignment - Mr.cat\Source.cpp(798,24): warning C4305: 'argument': truncation from 'double' to 'float'
C:\Users\User\Documents\RSF2-GP-Assignment\Assignment - Mr.cat\Assignment - Mr.cat\Source.cpp(819,27): warning C4305: 'argument': truncation from 'double' to 'GLfloat'
C:\Users\User\Documents\RSF2-GP-Assignment\Assignment - Mr.cat\Assignment - Mr.cat\Source.cpp(821,28): warning C4305: 'argument': truncation from 'double' to 'GLfloat'
C:\Users\User\Documents\RSF2-GP-Assignment\Assignment - Mr.cat\Assignment - Mr.cat\Source.cpp(823,29): warning C4305: 'argument': truncation from 'double' to 'GLfloat'
C:\Users\User\Documents\RSF2-GP-Assignment\Assignment - Mr.cat\Assignment - Mr.cat\Source.cpp(825,28): warning C4305: 'argument': truncation from 'double' to 'GLfloat'
C:\Users\User\Documents\RSF2-GP-Assignment\Assignment - Mr.cat\Assignment - Mr.cat\Source.cpp(832,28): warning C4305: 'argument': truncation from 'double' to 'GLfloat'
C:\Users\User\Documents\RSF2-GP-Assignment\Assignment - Mr.cat\Assignment - Mr.cat\Source.cpp(834,29): warning C4305: 'argument': truncation from 'double' to 'GLfloat'
C:\Users\User\Documents\RSF2-GP-Assignment\Assignment - Mr.cat\Assignment - Mr.cat\Source.cpp(836,27): warning C4305: 'argument': truncation from 'double' to 'GLfloat'
C:\Users\User\Documents\RSF2-GP-Assignment\Assignment - Mr.cat\Assignment - Mr.cat\Source.cpp(838,26): warning C4305: 'argument': truncation from 'double' to 'GLfloat'
C:\Users\User\Documents\RSF2-GP-Assignment\Assignment - Mr.cat\Assignment - Mr.cat\Source.cpp(845,27): warning C4305: 'argument': truncation from 'double' to 'GLfloat'
C:\Users\User\Documents\RSF2-GP-Assignment\Assignment - Mr.cat\Assignment - Mr.cat\Source.cpp(847,28): warning C4305: 'argument': truncation from 'double' to 'GLfloat'
C:\Users\User\Documents\RSF2-GP-Assignment\Assignment - Mr.cat\Assignment - Mr.cat\Source.cpp(849,26): warning C4305: 'argument': truncation from 'double' to 'GLfloat'
C:\Users\User\Documents\RSF2-GP-Assignment\Assignment - Mr.cat\Assignment - Mr.cat\Source.cpp(851,25): warning C4305: 'argument': truncation from 'double' to 'GLfloat'
C:\Users\User\Documents\RSF2-GP-Assignment\Assignment - Mr.cat\Assignment - Mr.cat\Source.cpp(858,27): warning C4305: 'argument': truncation from 'double' to 'GLfloat'
C:\Users\User\Documents\RSF2-GP-Assignment\Assignment - Mr.cat\Assignment - Mr.cat\Source.cpp(860,28): warning C4305: 'argument': truncation from 'double' to 'GLfloat'
C:\Users\User\Documents\RSF2-GP-Assignment\Assignment - Mr.cat\Assignment - Mr.cat\Source.cpp(862,26): warning C4305: 'argument': truncation from 'double' to 'GLfloat'
C:\Users\User\Documents\RSF2-GP-Assignment\Assignment - Mr.cat\Assignment - Mr.cat\Source.cpp(864,25): warning C4305: 'argument': truncation from 'double' to 'GLfloat'
C:\Users\User\Documents\RSF2-GP-Assignment\Assignment - Mr.cat\Assignment - Mr.cat\Source.cpp(871,28): warning C4305: 'argument': truncation from 'double' to 'GLfloat'
C:\Users\User\Documents\RSF2-GP-Assignment\Assignment - Mr.cat\Assignment - Mr.cat\Source.cpp(873,26): warning C4305: 'argument': truncation from 'double' to 'GLfloat'
C:\Users\User\Documents\RSF2-GP-Assignment\Assignment - Mr.cat\Assignment - Mr.cat\Source.cpp(875,27): warning C4305: 'argument': truncation from 'double' to 'GLfloat'
C:\Users\User\Documents\RSF2-GP-Assignment\Assignment - Mr.cat\Assignment - Mr.cat\Source.cpp(877,29): warning C4305: 'argument': truncation from 'double' to 'GLfloat'
C:\Users\User\Documents\RSF2-GP-Assignment\Assignment - Mr.cat\Assignment - Mr.cat\Source.cpp(884,25): warning C4305: 'argument': truncation from 'double' to 'GLfloat'
C:\Users\User\Documents\RSF2-GP-Assignment\Assignment - Mr.cat\Assignment - Mr.cat\Source.cpp(886,26): warning C4305: 'argument': truncation from 'double' to 'GLfloat'
C:\Users\User\Documents\RSF2-GP-Assignment\Assignment - Mr.cat\Assignment - Mr.cat\Source.cpp(888,27): warning C4305: 'argument': truncation from 'double' to 'GLfloat'
C:\Users\User\Documents\RSF2-GP-Assignment\Assignment - Mr.cat\Assignment - Mr.cat\Source.cpp(890,26): warning C4305: 'argument': truncation from 'double' to 'GLfloat'
C:\Users\User\Documents\RSF2-GP-Assignment\Assignment - Mr.cat\Assignment - Mr.cat\Source.cpp(898,24): warning C4305: 'argument': truncation from 'double' to 'GLfloat'
C:\Users\User\Documents\RSF2-GP-Assignment\Assignment - Mr.cat\Assignment - Mr.cat\Source.cpp(899,28): warning C4305: 'argument': truncation from 'double' to 'GLfloat'
C:\Users\User\Documents\RSF2-GP-Assignment\Assignment - Mr.cat\Assignment - Mr.cat\Source.cpp(900,23): warning C4305: 'argument': truncation from 'double' to 'GLfloat'
C:\Users\User\Documents\RSF2-GP-Assignment\Assignment - Mr.cat\Assignment - Mr.cat\Source.cpp(901,27): warning C4305: 'argument': truncation from 'double' to 'GLfloat'
C:\Users\User\Documents\RSF2-GP-Assignment\Assignment - Mr.cat\Assignment - Mr.cat\Source.cpp(902,23): warning C4305: 'argument': truncation from 'double' to 'GLfloat'
C:\Users\User\Documents\RSF2-GP-Assignment\Assignment - Mr.cat\Assignment - Mr.cat\Source.cpp(903,28): warning C4305: 'argument': truncation from 'double' to 'GLfloat'
C:\Users\User\Documents\RSF2-GP-Assignment\Assignment - Mr.cat\Assignment - Mr.cat\Source.cpp(905,28): warning C4305: 'argument': truncation from 'double' to 'GLfloat'
C:\Users\User\Documents\RSF2-GP-Assignment\Assignment - Mr.cat\Assignment - Mr.cat\Source.cpp(906,24): warning C4305: 'argument': truncation from 'double' to 'GLfloat'
C:\Users\User\Documents\RSF2-GP-Assignment\Assignment - Mr.cat\Assignment - Mr.cat\Source.cpp(907,29): warning C4305: 'argument': truncation from 'double' to 'GLfloat'
C:\Users\User\Documents\RSF2-GP-Assignment\Assignment - Mr.cat\Assignment - Mr.cat\Source.cpp(914,28): warning C4305: 'argument': truncation from 'double' to 'GLfloat'
C:\Users\User\Documents\RSF2-GP-Assignment\Assignment - Mr.cat\Assignment - Mr.cat\Source.cpp(915,27): warning C4305: 'argument': truncation from 'double' to 'GLfloat'
C:\Users\User\Documents\RSF2-GP-Assignment\Assignment - Mr.cat\Assignment - Mr.cat\Source.cpp(916,28): warning C4305: 'argument': truncation from 'double' to 'GLfloat'
C:\Users\User\Documents\RSF2-GP-Assignment\Assignment - Mr.cat\Assignment - Mr.cat\Source.cpp(917,28): warning C4305: 'argument': truncation from 'double' to 'GLfloat'
C:\Users\User\Documents\RSF2-GP-Assignment\Assignment - Mr.cat\Assignment - Mr.cat\Source.cpp(918,29): warning C4305: 'argument': truncation from 'double' to 'GLfloat'
C:\Users\User\Documents\RSF2-GP-Assignment\Assignment - Mr.cat\Assignment - Mr.cat\Source.cpp(925,24): warning C4305: 'argument': truncation from 'double' to 'GLfloat'
C:\Users\User\Documents\RSF2-GP-Assignment\Assignment - Mr.cat\Assignment - Mr.cat\Source.cpp(926,29): warning C4305: 'argument': truncation from 'double' to 'GLfloat'
C:\Users\User\Documents\RSF2-GP-Assignment\Assignment - Mr.cat\Assignment - Mr.cat\Source.cpp(927,23): warning C4305: 'argument': truncation from 'double' to 'GLfloat'
C:\Users\User\Documents\RSF2-GP-Assignment\Assignment - Mr.cat\Assignment - Mr.cat\Source.cpp(928,28): warning C4305: 'argument': truncation from 'double' to 'GLfloat'
C:\Users\User\Documents\RSF2-GP-Assignment\Assignment - Mr.cat\Assignment - Mr.cat\Source.cpp(929,23): warning C4305: 'argument': truncation from 'double' to 'GLfloat'
C:\Users\User\Documents\RSF2-GP-Assignment\Assignment - Mr.cat\Assignment - Mr.cat\Source.cpp(930,29): warning C4305: 'argument': truncation from 'double' to 'GLfloat'
C:\Users\User\Documents\RSF2-GP-Assignment\Assignment - Mr.cat\Assignment - Mr.cat\Source.cpp(932,29): warning C4305: 'argument': truncation from 'double' to 'GLfloat'
C:\Users\User\Documents\RSF2-GP-Assignment\Assignment - Mr.cat\Assignment - Mr.cat\Source.cpp(933,24): warning C4305: 'argument': truncation from 'double' to 'GLfloat'
C:\Users\User\Documents\RSF2-GP-Assignment\Assignment - Mr.cat\Assignment - Mr.cat\Source.cpp(934,30): warning C4305: 'argument': truncation from 'double' to 'GLfloat'
C:\Users\User\Documents\RSF2-GP-Assignment\Assignment - Mr.cat\Assignment - Mr.cat\Source.cpp(941,29): warning C4305: 'argument': truncation from 'double' to 'GLfloat'
C:\Users\User\Documents\RSF2-GP-Assignment\Assignment - Mr.cat\Assignment - Mr.cat\Source.cpp(942,28): warning C4305: 'argument': truncation from 'double' to 'GLfloat'
C:\Users\User\Documents\RSF2-GP-Assignment\Assignment - Mr.cat\Assignment - Mr.cat\Source.cpp(943,29): warning C4305: 'argument': truncation from 'double' to 'GLfloat'
C:\Users\User\Documents\RSF2-GP-Assignment\Assignment - Mr.cat\Assignment - Mr.cat\Source.cpp(944,29): warning C4305: 'argument': truncation from 'double' to 'GLfloat'
C:\Users\User\Documents\RSF2-GP-Assignment\Assignment - Mr.cat\Assignment - Mr.cat\Source.cpp(945,30): warning C4305: 'argument': truncation from 'double' to 'GLfloat'
C:\Users\User\Documents\RSF2-GP-Assignment\Assignment - Mr.cat\Assignment - Mr.cat\Source.cpp(1087,39): warning C4305: 'argument': truncation from 'double' to 'GLfloat'
C:\Users\User\Documents\RSF2-GP-Assignment\Assignment - Mr.cat\Assignment - Mr.cat\Source.cpp(1089,35): warning C4305: 'argument': truncation from 'double' to 'float'
C:\Users\User\Documents\RSF2-GP-Assignment\Assignment - Mr.cat\Assignment - Mr.cat\Source.cpp(1097,36): warning C4305: 'argument': truncation from 'double' to 'GLfloat'
C:\Users\User\Documents\RSF2-GP-Assignment\Assignment - Mr.cat\Assignment - Mr.cat\Source.cpp(1099,28): warning C4305: 'argument': truncation from 'double' to 'float'
C:\Users\User\Documents\RSF2-GP-Assignment\Assignment - Mr.cat\Assignment - Mr.cat\Source.cpp(1104,37): warning C4305: 'argument': truncation from 'double' to 'GLfloat'
C:\Users\User\Documents\RSF2-GP-Assignment\Assignment - Mr.cat\Assignment - Mr.cat\Source.cpp(1107,29): warning C4305: 'argument': truncation from 'double' to 'float'
C:\Users\User\Documents\RSF2-GP-Assignment\Assignment - Mr.cat\Assignment - Mr.cat\Source.cpp(1112,36): warning C4305: 'argument': truncation from 'double' to 'GLfloat'
C:\Users\User\Documents\RSF2-GP-Assignment\Assignment - Mr.cat\Assignment - Mr.cat\Source.cpp(1114,28): warning C4305: 'argument': truncation from 'double' to 'float'
C:\Users\User\Documents\RSF2-GP-Assignment\Assignment - Mr.cat\Assignment - Mr.cat\Source.cpp(1119,37): warning C4305: 'argument': truncation from 'double' to 'GLfloat'
C:\Users\User\Documents\RSF2-GP-Assignment\Assignment - Mr.cat\Assignment - Mr.cat\Source.cpp(1122,29): warning C4305: 'argument': truncation from 'double' to 'float'
C:\Users\User\Documents\RSF2-GP-Assignment\Assignment - Mr.cat\Assignment - Mr.cat\Source.cpp(1127,36): warning C4305: 'argument': truncation from 'double' to 'GLfloat'
C:\Users\User\Documents\RSF2-GP-Assignment\Assignment - Mr.cat\Assignment - Mr.cat\Source.cpp(1129,28): warning C4305: 'argument': truncation from 'double' to 'float'
C:\Users\User\Documents\RSF2-GP-Assignment\Assignment - Mr.cat\Assignment - Mr.cat\Source.cpp(1136,36): warning C4305: 'argument': truncation from 'double' to 'GLfloat'
C:\Users\User\Documents\RSF2-GP-Assignment\Assignment - Mr.cat\Assignment - Mr.cat\Source.cpp(1138,28): warning C4305: 'argument': truncation from 'double' to 'float'
C:\Users\User\Documents\RSF2-GP-Assignment\Assignment - Mr.cat\Assignment - Mr.cat\Source.cpp(1143,37): warning C4305: 'argument': truncation from 'double' to 'GLfloat'
C:\Users\User\Documents\RSF2-GP-Assignment\Assignment - Mr.cat\Assignment - Mr.cat\Source.cpp(1146,29): warning C4305: 'argument': truncation from 'double' to 'float'
C:\Users\User\Documents\RSF2-GP-Assignment\Assignment - Mr.cat\Assignment - Mr.cat\Source.cpp(1151,36): warning C4305: 'argument': truncation from 'double' to 'GLfloat'
C:\Users\User\Documents\RSF2-GP-Assignment\Assignment - Mr.cat\Assignment - Mr.cat\Source.cpp(1153,28): warning C4305: 'argument': truncation from 'double' to 'float'
C:\Users\User\Documents\RSF2-GP-Assignment\Assignment - Mr.cat\Assignment - Mr.cat\Source.cpp(1158,37): warning C4305: 'argument': truncation from 'double' to 'GLfloat'
C:\Users\User\Documents\RSF2-GP-Assignment\Assignment - Mr.cat\Assignment - Mr.cat\Source.cpp(1161,29): warning C4305: 'argument': truncation from 'double' to 'float'
C:\Users\User\Documents\RSF2-GP-Assignment\Assignment - Mr.cat\Assignment - Mr.cat\Source.cpp(1166,36): warning C4305: 'argument': truncation from 'double' to 'GLfloat'
C:\Users\User\Documents\RSF2-GP-Assignment\Assignment - Mr.cat\Assignment - Mr.cat\Source.cpp(1168,28): warning C4305: 'argument': truncation from 'double' to 'float'
C:\Users\User\Documents\RSF2-GP-Assignment\Assignment - Mr.cat\Assignment - Mr.cat\Source.cpp(1175,36): warning C4305: 'argument': truncation from 'double' to 'GLfloat'
C:\Users\User\Documents\RSF2-GP-Assignment\Assignment - Mr.cat\Assignment - Mr.cat\Source.cpp(1177,28): warning C4305: 'argument': truncation from 'double' to 'float'
C:\Users\User\Documents\RSF2-GP-Assignment\Assignment - Mr.cat\Assignment - Mr.cat\Source.cpp(1182,37): warning C4305: 'argument': truncation from 'double' to 'GLfloat'
C:\Users\User\Documents\RSF2-GP-Assignment\Assignment - Mr.cat\Assignment - Mr.cat\Source.cpp(1185,29): warning C4305: 'argument': truncation from 'double' to 'float'
C:\Users\User\Documents\RSF2-GP-Assignment\Assignment - Mr.cat\Assignment - Mr.cat\Source.cpp(1190,36): warning C4305: 'argument': truncation from 'double' to 'GLfloat'
C:\Users\User\Documents\RSF2-GP-Assignment\Assignment - Mr.cat\Assignment - Mr.cat\Source.cpp(1192,28): warning C4305: 'argument': truncation from 'double' to 'float'
C:\Users\User\Documents\RSF2-GP-Assignment\Assignment - Mr.cat\Assignment - Mr.cat\Source.cpp(1197,37): warning C4305: 'argument': truncation from 'double' to 'GLfloat'
C:\Users\User\Documents\RSF2-GP-Assignment\Assignment - Mr.cat\Assignment - Mr.cat\Source.cpp(1200,29): warning C4305: 'argument': truncation from 'double' to 'float'
C:\Users\User\Documents\RSF2-GP-Assignment\Assignment - Mr.cat\Assignment - Mr.cat\Source.cpp(1205,36): warning C4305: 'argument': truncation from 'double' to 'GLfloat'
C:\Users\User\Documents\RSF2-GP-Assignment\Assignment - Mr.cat\Assignment - Mr.cat\Source.cpp(1207,28): warning C4305: 'argument': truncation from 'double' to 'float'
C:\Users\User\Documents\RSF2-GP-Assignment\Assignment - Mr.cat\Assignment - Mr.cat\Source.cpp(1214,36): warning C4305: 'argument': truncation from 'double' to 'GLfloat'
C:\Users\User\Documents\RSF2-GP-Assignment\Assignment - Mr.cat\Assignment - Mr.cat\Source.cpp(1216,28): warning C4305: 'argument': truncation from 'double' to 'float'
C:\Users\User\Documents\RSF2-GP-Assignment\Assignment - Mr.cat\Assignment - Mr.cat\Source.cpp(1221,36): warning C4305: 'argument': truncation from 'double' to 'GLfloat'
C:\Users\User\Documents\RSF2-GP-Assignment\Assignment - Mr.cat\Assignment - Mr.cat\Source.cpp(1224,29): warning C4305: 'argument': truncation from 'double' to 'float'
C:\Users\User\Documents\RSF2-GP-Assignment\Assignment - Mr.cat\Assignment - Mr.cat\Source.cpp(1229,36): warning C4305: 'argument': truncation from 'double' to 'GLfloat'
C:\Users\User\Documents\RSF2-GP-Assignment\Assignment - Mr.cat\Assignment - Mr.cat\Source.cpp(1231,28): warning C4305: 'argument': truncation from 'double' to 'float'
C:\Users\User\Documents\RSF2-GP-Assignment\Assignment - Mr.cat\Assignment - Mr.cat\Source.cpp(1236,36): warning C4305: 'argument': truncation from 'double' to 'GLfloat'
C:\Users\User\Documents\RSF2-GP-Assignment\Assignment - Mr.cat\Assignment - Mr.cat\Source.cpp(1239,29): warning C4305: 'argument': truncation from 'double' to 'float'
C:\Users\User\Documents\RSF2-GP-Assignment\Assignment - Mr.cat\Assignment - Mr.cat\Source.cpp(1244,36): warning C4305: 'argument': truncation from 'double' to 'GLfloat'
C:\Users\User\Documents\RSF2-GP-Assignment\Assignment - Mr.cat\Assignment - Mr.cat\Source.cpp(1246,28): warning C4305: 'argument': truncation from 'double' to 'float'
C:\Users\User\Documents\RSF2-GP-Assignment\Assignment - Mr.cat\Assignment - Mr.cat\Source.cpp(1253,35): warning C4305: 'argument': truncation from 'double' to 'GLfloat'
C:\Users\User\Documents\RSF2-GP-Assignment\Assignment - Mr.cat\Assignment - Mr.cat\Source.cpp(1256,28): warning C4305: 'argument': truncation from 'double' to 'float'
C:\Users\User\Documents\RSF2-GP-Assignment\Assignment - Mr.cat\Assignment - Mr.cat\Source.cpp(1261,35): warning C4305: 'argument': truncation from 'double' to 'GLfloat'
C:\Users\User\Documents\RSF2-GP-Assignment\Assignment - Mr.cat\Assignment - Mr.cat\Source.cpp(1264,28): warning C4305: 'argument': truncation from 'double' to 'float'
C:\Users\User\Documents\RSF2-GP-Assignment\Assignment - Mr.cat\Assignment - Mr.cat\Source.cpp(1292,26): warning C4305: 'argument': truncation from 'double' to 'float'
C:\Users\User\Documents\RSF2-GP-Assignment\Assignment - Mr.cat\Assignment - Mr.cat\Source.cpp(1304,15): warning C4244: '=': conversion from 'double' to 'float', possible loss of data
C:\Users\User\Documents\RSF2-GP-Assignment\Assignment - Mr.cat\Assignment - Mr.cat\Source.cpp(1305,15): warning C4244: '=': conversion from 'double' to 'float', possible loss of data
C:\Users\User\Documents\RSF2-GP-Assignment\Assignment - Mr.cat\Assignment - Mr.cat\Source.cpp(1306,29): warning C4305: 'argument': truncation from 'double' to 'GLfloat'
C:\Users\User\Documents\RSF2-GP-Assignment\Assignment - Mr.cat\Assignment - Mr.cat\Source.cpp(1323,15): warning C4244: '=': conversion from 'double' to 'float', possible loss of data
C:\Users\User\Documents\RSF2-GP-Assignment\Assignment - Mr.cat\Assignment - Mr.cat\Source.cpp(1324,15): warning C4244: '=': conversion from 'double' to 'float', possible loss of data
C:\Users\User\Documents\RSF2-GP-Assignment\Assignment - Mr.cat\Assignment - Mr.cat\Source.cpp(1350,15): warning C4244: '=': conversion from 'double' to 'float', possible loss of data
C:\Users\User\Documents\RSF2-GP-Assignment\Assignment - Mr.cat\Assignment - Mr.cat\Source.cpp(1351,15): warning C4244: '=': conversion from 'double' to 'float', possible loss of data
C:\Users\User\Documents\RSF2-GP-Assignment\Assignment - Mr.cat\Assignment - Mr.cat\Source.cpp(1369,15): warning C4244: '=': conversion from 'double' to 'float', possible loss of data
C:\Users\User\Documents\RSF2-GP-Assignment\Assignment - Mr.cat\Assignment - Mr.cat\Source.cpp(1370,15): warning C4244: '=': conversion from 'double' to 'float', possible loss of data
C:\Users\User\Documents\RSF2-GP-Assignment\Assignment - Mr.cat\Assignment - Mr.cat\Source.cpp(1383,35): warning C4305: '+=': truncation from 'double' to 'float'
C:\Users\User\Documents\RSF2-GP-Assignment\Assignment - Mr.cat\Assignment - Mr.cat\Source.cpp(1383,55): warning C4305: '+=': truncation from 'double' to 'float'
C:\Users\User\Documents\RSF2-GP-Assignment\Assignment - Mr.cat\Assignment - Mr.cat\Source.cpp(1383,75): warning C4305: '+=': truncation from 'double' to 'float'
C:\Users\User\Documents\RSF2-GP-Assignment\Assignment - Mr.cat\Assignment - Mr.cat\Source.cpp(1386,43): warning C4305: '+=': truncation from 'double' to 'float'
C:\Users\User\Documents\RSF2-GP-Assignment\Assignment - Mr.cat\Assignment - Mr.cat\Source.cpp(1459,39): warning C4305: 'argument': truncation from 'double' to 'GLfloat'
C:\Users\User\Documents\RSF2-GP-Assignment\Assignment - Mr.cat\Assignment - Mr.cat\Source.cpp(1461,35): warning C4305: 'argument': truncation from 'double' to 'float'
C:\Users\User\Documents\RSF2-GP-Assignment\Assignment - Mr.cat\Assignment - Mr.cat\Source.cpp(1469,35): warning C4305: 'argument': truncation from 'double' to 'GLfloat'
C:\Users\User\Documents\RSF2-GP-Assignment\Assignment - Mr.cat\Assignment - Mr.cat\Source.cpp(1471,27): warning C4305: 'argument': truncation from 'double' to 'float'
C:\Users\User\Documents\RSF2-GP-Assignment\Assignment - Mr.cat\Assignment - Mr.cat\Source.cpp(1476,36): warning C4305: 'argument': truncation from 'double' to 'GLfloat'
C:\Users\User\Documents\RSF2-GP-Assignment\Assignment - Mr.cat\Assignment - Mr.cat\Source.cpp(1479,28): warning C4305: 'argument': truncation from 'double' to 'float'
C:\Users\User\Documents\RSF2-GP-Assignment\Assignment - Mr.cat\Assignment - Mr.cat\Source.cpp(1484,35): warning C4305: 'argument': truncation from 'double' to 'GLfloat'
C:\Users\User\Documents\RSF2-GP-Assignment\Assignment - Mr.cat\Assignment - Mr.cat\Source.cpp(1486,27): warning C4305: 'argument': truncation from 'double' to 'float'
C:\Users\User\Documents\RSF2-GP-Assignment\Assignment - Mr.cat\Assignment - Mr.cat\Source.cpp(1491,36): warning C4305: 'argument': truncation from 'double' to 'GLfloat'
C:\Users\User\Documents\RSF2-GP-Assignment\Assignment - Mr.cat\Assignment - Mr.cat\Source.cpp(1494,28): warning C4305: 'argument': truncation from 'double' to 'float'
C:\Users\User\Documents\RSF2-GP-Assignment\Assignment - Mr.cat\Assignment - Mr.cat\Source.cpp(1499,35): warning C4305: 'argument': truncation from 'double' to 'GLfloat'
C:\Users\User\Documents\RSF2-GP-Assignment\Assignment - Mr.cat\Assignment - Mr.cat\Source.cpp(1501,27): warning C4305: 'argument': truncation from 'double' to 'float'
C:\Users\User\Documents\RSF2-GP-Assignment\Assignment - Mr.cat\Assignment - Mr.cat\Source.cpp(1508,35): warning C4305: 'argument': truncation from 'double' to 'GLfloat'
C:\Users\User\Documents\RSF2-GP-Assignment\Assignment - Mr.cat\Assignment - Mr.cat\Source.cpp(1510,27): warning C4305: 'argument': truncation from 'double' to 'float'
C:\Users\User\Documents\RSF2-GP-Assignment\Assignment - Mr.cat\Assignment - Mr.cat\Source.cpp(1515,36): warning C4305: 'argument': truncation from 'double' to 'GLfloat'
C:\Users\User\Documents\RSF2-GP-Assignment\Assignment - Mr.cat\Assignment - Mr.cat\Source.cpp(1518,28): warning C4305: 'argument': truncation from 'double' to 'float'
C:\Users\User\Documents\RSF2-GP-Assignment\Assignment - Mr.cat\Assignment - Mr.cat\Source.cpp(1523,35): warning C4305: 'argument': truncation from 'double' to 'GLfloat'
C:\Users\User\Documents\RSF2-GP-Assignment\Assignment - Mr.cat\Assignment - Mr.cat\Source.cpp(1525,27): warning C4305: 'argument': truncation from 'double' to 'float'
C:\Users\User\Documents\RSF2-GP-Assignment\Assignment - Mr.cat\Assignment - Mr.cat\Source.cpp(1530,36): warning C4305: 'argument': truncation from 'double' to 'GLfloat'
C:\Users\User\Documents\RSF2-GP-Assignment\Assignment - Mr.cat\Assignment - Mr.cat\Source.cpp(1533,28): warning C4305: 'argument': truncation from 'double' to 'float'
C:\Users\User\Documents\RSF2-GP-Assignment\Assignment - Mr.cat\Assignment - Mr.cat\Source.cpp(1538,35): warning C4305: 'argument': truncation from 'double' to 'GLfloat'
C:\Users\User\Documents\RSF2-GP-Assignment\Assignment - Mr.cat\Assignment - Mr.cat\Source.cpp(1540,27): warning C4305: 'argument': truncation from 'double' to 'float'
C:\Users\User\Documents\RSF2-GP-Assignment\Assignment - Mr.cat\Assignment - Mr.cat\Source.cpp(1547,35): warning C4305: 'argument': truncation from 'double' to 'GLfloat'
C:\Users\User\Documents\RSF2-GP-Assignment\Assignment - Mr.cat\Assignment - Mr.cat\Source.cpp(1549,27): warning C4305: 'argument': truncation from 'double' to 'float'
C:\Users\User\Documents\RSF2-GP-Assignment\Assignment - Mr.cat\Assignment - Mr.cat\Source.cpp(1554,36): warning C4305: 'argument': truncation from 'double' to 'GLfloat'
C:\Users\User\Documents\RSF2-GP-Assignment\Assignment - Mr.cat\Assignment - Mr.cat\Source.cpp(1557,28): warning C4305: 'argument': truncation from 'double' to 'float'
C:\Users\User\Documents\RSF2-GP-Assignment\Assignment - Mr.cat\Assignment - Mr.cat\Source.cpp(1562,35): warning C4305: 'argument': truncation from 'double' to 'GLfloat'
C:\Users\User\Documents\RSF2-GP-Assignment\Assignment - Mr.cat\Assignment - Mr.cat\Source.cpp(1564,27): warning C4305: 'argument': truncation from 'double' to 'float'
C:\Users\User\Documents\RSF2-GP-Assignment\Assignment - Mr.cat\Assignment - Mr.cat\Source.cpp(1569,36): warning C4305: 'argument': truncation from 'double' to 'GLfloat'
C:\Users\User\Documents\RSF2-GP-Assignment\Assignment - Mr.cat\Assignment - Mr.cat\Source.cpp(1572,28): warning C4305: 'argument': truncation from 'double' to 'float'
C:\Users\User\Documents\RSF2-GP-Assignment\Assignment - Mr.cat\Assignment - Mr.cat\Source.cpp(1577,35): warning C4305: 'argument': truncation from 'double' to 'GLfloat'
C:\Users\User\Documents\RSF2-GP-Assignment\Assignment - Mr.cat\Assignment - Mr.cat\Source.cpp(1579,27): warning C4305: 'argument': truncation from 'double' to 'float'
C:\Users\User\Documents\RSF2-GP-Assignment\Assignment - Mr.cat\Assignment - Mr.cat\Source.cpp(1586,35): warning C4305: 'argument': truncation from 'double' to 'GLfloat'
C:\Users\User\Documents\RSF2-GP-Assignment\Assignment - Mr.cat\Assignment - Mr.cat\Source.cpp(1588,27): warning C4305: 'argument': truncation from 'double' to 'float'
C:\Users\User\Documents\RSF2-GP-Assignment\Assignment - Mr.cat\Assignment - Mr.cat\Source.cpp(1593,35): warning C4305: 'argument': truncation from 'double' to 'GLfloat'
C:\Users\User\Documents\RSF2-GP-Assignment\Assignment - Mr.cat\Assignment - Mr.cat\Source.cpp(1596,28): warning C4305: 'argument': truncation from 'double' to 'float'
C:\Users\User\Documents\RSF2-GP-Assignment\Assignment - Mr.cat\Assignment - Mr.cat\Source.cpp(1601,35): warning C4305: 'argument': truncation from 'double' to 'GLfloat'
C:\Users\User\Documents\RSF2-GP-Assignment\Assignment - Mr.cat\Assignment - Mr.cat\Source.cpp(1603,27): warning C4305: 'argument': truncation from 'double' to 'float'
C:\Users\User\Documents\RSF2-GP-Assignment\Assignment - Mr.cat\Assignment - Mr.cat\Source.cpp(1608,35): warning C4305: 'argument': truncation from 'double' to 'GLfloat'
C:\Users\User\Documents\RSF2-GP-Assignment\Assignment - Mr.cat\Assignment - Mr.cat\Source.cpp(1611,28): warning C4305: 'argument': truncation from 'double' to 'float'
C:\Users\User\Documents\RSF2-GP-Assignment\Assignment - Mr.cat\Assignment - Mr.cat\Source.cpp(1616,35): warning C4305: 'argument': truncation from 'double' to 'GLfloat'
C:\Users\User\Documents\RSF2-GP-Assignment\Assignment - Mr.cat\Assignment - Mr.cat\Source.cpp(1618,27): warning C4305: 'argument': truncation from 'double' to 'float'
C:\Users\User\Documents\RSF2-GP-Assignment\Assignment - Mr.cat\Assignment - Mr.cat\Source.cpp(1625,34): warning C4305: 'argument': truncation from 'double' to 'GLfloat'
C:\Users\User\Documents\RSF2-GP-Assignment\Assignment - Mr.cat\Assignment - Mr.cat\Source.cpp(1628,27): warning C4305: 'argument': truncation from 'double' to 'float'
C:\Users\User\Documents\RSF2-GP-Assignment\Assignment - Mr.cat\Assignment - Mr.cat\Source.cpp(1633,35): warning C4305: 'argument': truncation from 'double' to 'GLfloat'
C:\Users\User\Documents\RSF2-GP-Assignment\Assignment - Mr.cat\Assignment - Mr.cat\Source.cpp(1636,27): warning C4305: 'argument': truncation from 'double' to 'float'
C:\Users\User\Documents\RSF2-GP-Assignment\Assignment - Mr.cat\Assignment - Mr.cat\Source.cpp(1648,26): warning C4305: 'argument': truncation from 'double' to 'float'
C:\Users\User\Documents\RSF2-GP-Assignment\Assignment - Mr.cat\Assignment - Mr.cat\Source.cpp(1660,15): warning C4244: '=': conversion from 'double' to 'float', possible loss of data
C:\Users\User\Documents\RSF2-GP-Assignment\Assignment - Mr.cat\Assignment - Mr.cat\Source.cpp(1661,15): warning C4244: '=': conversion from 'double' to 'float', possible loss of data
C:\Users\User\Documents\RSF2-GP-Assignment\Assignment - Mr.cat\Assignment - Mr.cat\Source.cpp(1662,29): warning C4305: 'argument': truncation from 'double' to 'GLfloat'
C:\Users\User\Documents\RSF2-GP-Assignment\Assignment - Mr.cat\Assignment - Mr.cat\Source.cpp(1679,15): warning C4244: '=': conversion from 'double' to 'float', possible loss of data
C:\Users\User\Documents\RSF2-GP-Assignment\Assignment - Mr.cat\Assignment - Mr.cat\Source.cpp(1680,15): warning C4244: '=': conversion from 'double' to 'float', possible loss of data
C:\Users\User\Documents\RSF2-GP-Assignment\Assignment - Mr.cat\Assignment - Mr.cat\Source.cpp(1706,15): warning C4244: '=': conversion from 'double' to 'float', possible loss of data
C:\Users\User\Documents\RSF2-GP-Assignment\Assignment - Mr.cat\Assignment - Mr.cat\Source.cpp(1707,15): warning C4244: '=': conversion from 'double' to 'float', possible loss of data
C:\Users\User\Documents\RSF2-GP-Assignment\Assignment - Mr.cat\Assignment - Mr.cat\Source.cpp(1725,15): warning C4244: '=': conversion from 'double' to 'float', possible loss of data
C:\Users\User\Documents\RSF2-GP-Assignment\Assignment - Mr.cat\Assignment - Mr.cat\Source.cpp(1726,15): warning C4244: '=': conversion from 'double' to 'float', possible loss of data
C:\Users\User\Documents\RSF2-GP-Assignment\Assignment - Mr.cat\Assignment - Mr.cat\Source.cpp(1738,27): warning C4305: '+=': truncation from 'double' to 'float'
C:\Users\User\Documents\RSF2-GP-Assignment\Assignment - Mr.cat\Assignment - Mr.cat\Source.cpp(1773,27): warning C4305: 'argument': truncation from 'double' to 'GLfloat'
C:\Users\User\Documents\RSF2-GP-Assignment\Assignment - Mr.cat\Assignment - Mr.cat\Source.cpp(1776,31): warning C4305: 'argument': truncation from 'double' to 'GLfloat'
C:\Users\User\Documents\RSF2-GP-Assignment\Assignment - Mr.cat\Assignment - Mr.cat\Source.cpp(1827,30): warning C4305: 'argument': truncation from 'double' to 'GLfloat'
C:\Users\User\Documents\RSF2-GP-Assignment\Assignment - Mr.cat\Assignment - Mr.cat\Source.cpp(1838,30): warning C4305: 'argument': truncation from 'double' to 'GLfloat'
C:\Users\User\Documents\RSF2-GP-Assignment\Assignment - Mr.cat\Assignment - Mr.cat\Source.cpp(1841,23): warning C4305: 'argument': truncation from 'double' to 'float'
C:\Users\User\Documents\RSF2-GP-Assignment\Assignment - Mr.cat\Assignment - Mr.cat\Source.cpp(1851,24): warning C4305: 'argument': truncation from 'double' to 'GLfloat'
C:\Users\User\Documents\RSF2-GP-Assignment\Assignment - Mr.cat\Assignment - Mr.cat\Source.cpp(1852,28): warning C4305: 'argument': truncation from 'double' to 'GLfloat'
C:\Users\User\Documents\RSF2-GP-Assignment\Assignment - Mr.cat\Assignment - Mr.cat\Source.cpp(1853,23): warning C4305: 'argument': truncation from 'double' to 'GLfloat'
C:\Users\User\Documents\RSF2-GP-Assignment\Assignment - Mr.cat\Assignment - Mr.cat\Source.cpp(1854,23): warning C4305: 'argument': truncation from 'double' to 'GLfloat'
C:\Users\User\Documents\RSF2-GP-Assignment\Assignment - Mr.cat\Assignment - Mr.cat\Source.cpp(1855,23): warning C4305: 'argument': truncation from 'double' to 'GLfloat'
C:\Users\User\Documents\RSF2-GP-Assignment\Assignment - Mr.cat\Assignment - Mr.cat\Source.cpp(1856,28): warning C4305: 'argument': truncation from 'double' to 'GLfloat'
C:\Users\User\Documents\RSF2-GP-Assignment\Assignment - Mr.cat\Assignment - Mr.cat\Source.cpp(1857,23): warning C4305: 'argument': truncation from 'double' to 'GLfloat'
C:\Users\User\Documents\RSF2-GP-Assignment\Assignment - Mr.cat\Assignment - Mr.cat\Source.cpp(1858,29): warning C4305: 'argument': truncation from 'double' to 'GLfloat'
C:\Users\User\Documents\RSF2-GP-Assignment\Assignment - Mr.cat\Assignment - Mr.cat\Source.cpp(1859,24): warning C4305: 'argument': truncation from 'double' to 'GLfloat'
C:\Users\User\Documents\RSF2-GP-Assignment\Assignment - Mr.cat\Assignment - Mr.cat\Source.cpp(1860,28): warning C4305: 'argument': truncation from 'double' to 'GLfloat'
C:\Users\User\Documents\RSF2-GP-Assignment\Assignment - Mr.cat\Assignment - Mr.cat\Source.cpp(1861,24): warning C4305: 'argument': truncation from 'double' to 'GLfloat'
C:\Users\User\Documents\RSF2-GP-Assignment\Assignment - Mr.cat\Assignment - Mr.cat\Source.cpp(1862,25): warning C4305: 'argument': truncation from 'double' to 'GLfloat'
C:\Users\User\Documents\RSF2-GP-Assignment\Assignment - Mr.cat\Assignment - Mr.cat\Source.cpp(1869,25): warning C4305: 'argument': truncation from 'double' to 'GLfloat'
C:\Users\User\Documents\RSF2-GP-Assignment\Assignment - Mr.cat\Assignment - Mr.cat\Source.cpp(1871,24): warning C4305: 'argument': truncation from 'double' to 'GLfloat'
C:\Users\User\Documents\RSF2-GP-Assignment\Assignment - Mr.cat\Assignment - Mr.cat\Source.cpp(1873,27): warning C4305: 'argument': truncation from 'double' to 'GLfloat'
C:\Users\User\Documents\RSF2-GP-Assignment\Assignment - Mr.cat\Assignment - Mr.cat\Source.cpp(1875,28): warning C4305: 'argument': truncation from 'double' to 'GLfloat'
C:\Users\User\Documents\RSF2-GP-Assignment\Assignment - Mr.cat\Assignment - Mr.cat\Source.cpp(1878,28): warning C4305: 'argument': truncation from 'double' to 'GLfloat'
C:\Users\User\Documents\RSF2-GP-Assignment\Assignment - Mr.cat\Assignment - Mr.cat\Source.cpp(1880,27): warning C4305: 'argument': truncation from 'double' to 'GLfloat'
C:\Users\User\Documents\RSF2-GP-Assignment\Assignment - Mr.cat\Assignment - Mr.cat\Source.cpp(1882,28): warning C4305: 'argument': truncation from 'double' to 'GLfloat'
C:\Users\User\Documents\RSF2-GP-Assignment\Assignment - Mr.cat\Assignment - Mr.cat\Source.cpp(1884,29): warning C4305: 'argument': truncation from 'double' to 'GLfloat'
C:\Users\User\Documents\RSF2-GP-Assignment\Assignment - Mr.cat\Assignment - Mr.cat\Source.cpp(1887,29): warning C4305: 'argument': truncation from 'double' to 'GLfloat'
C:\Users\User\Documents\RSF2-GP-Assignment\Assignment - Mr.cat\Assignment - Mr.cat\Source.cpp(1889,28): warning C4305: 'argument': truncation from 'double' to 'GLfloat'
C:\Users\User\Documents\RSF2-GP-Assignment\Assignment - Mr.cat\Assignment - Mr.cat\Source.cpp(1891,27): warning C4305: 'argument': truncation from 'double' to 'GLfloat'
C:\Users\User\Documents\RSF2-GP-Assignment\Assignment - Mr.cat\Assignment - Mr.cat\Source.cpp(1893,28): warning C4305: 'argument': truncation from 'double' to 'GLfloat'
C:\Users\User\Documents\RSF2-GP-Assignment\Assignment - Mr.cat\Assignment - Mr.cat\Source.cpp(1896,28): warning C4305: 'argument': truncation from 'double' to 'GLfloat'
C:\Users\User\Documents\RSF2-GP-Assignment\Assignment - Mr.cat\Assignment - Mr.cat\Source.cpp(1898,27): warning C4305: 'argument': truncation from 'double' to 'GLfloat'
C:\Users\User\Documents\RSF2-GP-Assignment\Assignment - Mr.cat\Assignment - Mr.cat\Source.cpp(1900,26): warning C4305: 'argument': truncation from 'double' to 'GLfloat'
C:\Users\User\Documents\RSF2-GP-Assignment\Assignment - Mr.cat\Assignment - Mr.cat\Source.cpp(1902,27): warning C4305: 'argument': truncation from 'double' to 'GLfloat'
C:\Users\User\Documents\RSF2-GP-Assignment\Assignment - Mr.cat\Assignment - Mr.cat\Source.cpp(1907,27): warning C4305: 'argument': truncation from 'double' to 'GLfloat'
C:\Users\User\Documents\RSF2-GP-Assignment\Assignment - Mr.cat\Assignment - Mr.cat\Source.cpp(1908,22): warning C4305: 'argument': truncation from 'double' to 'GLfloat'
C:\Users\User\Documents\RSF2-GP-Assignment\Assignment - Mr.cat\Assignment - Mr.cat\Source.cpp(1909,27): warning C4305: 'argument': truncation from 'double' to 'GLfloat'
C:\Users\User\Documents\RSF2-GP-Assignment\Assignment - Mr.cat\Assignment - Mr.cat\Source.cpp(1910,28): warning C4305: 'argument': truncation from 'double' to 'GLfloat'
C:\Users\User\Documents\RSF2-GP-Assignment\Assignment - Mr.cat\Assignment - Mr.cat\Source.cpp(1911,27): warning C4305: 'argument': truncation from 'double' to 'GLfloat'
C:\Users\User\Documents\RSF2-GP-Assignment\Assignment - Mr.cat\Assignment - Mr.cat\Source.cpp(1913,24): warning C4305: 'argument': truncation from 'double' to 'GLfloat'
C:\Users\User\Documents\RSF2-GP-Assignment\Assignment - Mr.cat\Assignment - Mr.cat\Source.cpp(1926,27): warning C4305: 'argument': truncation from 'double' to 'GLfloat'
C:\Users\User\Documents\RSF2-GP-Assignment\Assignment - Mr.cat\Assignment - Mr.cat\Source.cpp(1928,14): warning C4305: 'argument': truncation from 'double' to 'float'
C:\Users\User\Documents\RSF2-GP-Assignment\Assignment - Mr.cat\Assignment - Mr.cat\Source.cpp(1933,26): warning C4305: 'argument': truncation from 'double' to 'GLfloat'
C:\Users\User\Documents\RSF2-GP-Assignment\Assignment - Mr.cat\Assignment - Mr.cat\Source.cpp(1935,14): warning C4305: 'argument': truncation from 'double' to 'float'
C:\Users\User\Documents\RSF2-GP-Assignment\Assignment - Mr.cat\Assignment - Mr.cat\Source.cpp(1977,24): warning C4305: 'argument': truncation from 'double' to 'float'
C:\Users\User\Documents\RSF2-GP-Assignment\Assignment - Mr.cat\Assignment - Mr.cat\Source.cpp(1984,21): warning C4305: 'initializing': truncation from 'double' to 'float'
C:\Users\User\Documents\RSF2-GP-Assignment\Assignment - Mr.cat\Assignment - Mr.cat\Source.cpp(1987,11): warning C4244: '=': conversion from 'double' to 'float', possible loss of data
C:\Users\User\Documents\RSF2-GP-Assignment\Assignment - Mr.cat\Assignment - Mr.cat\Source.cpp(1988,11): warning C4244: '=': conversion from 'double' to 'float', possible loss of data
C:\Users\User\Documents\RSF2-GP-Assignment\Assignment - Mr.cat\Assignment - Mr.cat\Source.cpp(1995,25): warning C4305: 'argument': truncation from 'double' to 'GLfloat'
C:\Users\User\Documents\RSF2-GP-Assignment\Assignment - Mr.cat\Assignment - Mr.cat\Source.cpp(2024,28): warning C4305: 'argument': truncation from 'double' to 'float'
C:\Users\User\Documents\RSF2-GP-Assignment\Assignment - Mr.cat\Assignment - Mr.cat\Source.cpp(2029,29): warning C4305: 'argument': truncation from 'double' to 'GLfloat'
C:\Users\User\Documents\RSF2-GP-Assignment\Assignment - Mr.cat\Assignment - Mr.cat\Source.cpp(2031,14): warning C4305: 'argument': truncation from 'double' to 'float'
C:\Users\User\Documents\RSF2-GP-Assignment\Assignment - Mr.cat\Assignment - Mr.cat\Source.cpp(2038,14): warning C4305: 'argument': truncation from 'double' to 'float'
C:\Users\User\Documents\RSF2-GP-Assignment\Assignment - Mr.cat\Assignment - Mr.cat\Source.cpp(2043,30): warning C4305: 'argument': truncation from 'double' to 'GLfloat'
C:\Users\User\Documents\RSF2-GP-Assignment\Assignment - Mr.cat\Assignment - Mr.cat\Source.cpp(2045,28): warning C4305: 'argument': truncation from 'double' to 'float'
C:\Users\User\Documents\RSF2-GP-Assignment\Assignment - Mr.cat\Assignment - Mr.cat\Source.cpp(2050,30): warning C4305: 'argument': truncation from 'double' to 'GLfloat'
C:\Users\User\Documents\RSF2-GP-Assignment\Assignment - Mr.cat\Assignment - Mr.cat\Source.cpp(2052,28): warning C4305: 'argument': truncation from 'double' to 'float'
C:\Users\User\Documents\RSF2-GP-Assignment\Assignment - Mr.cat\Assignment - Mr.cat\Source.cpp(2057,30): warning C4305: 'argument': truncation from 'double' to 'GLfloat'
C:\Users\User\Documents\RSF2-GP-Assignment\Assignment - Mr.cat\Assignment - Mr.cat\Source.cpp(2059,28): warning C4305: 'argument': truncation from 'double' to 'float'
C:\Users\User\Documents\RSF2-GP-Assignment\Assignment - Mr.cat\Assignment - Mr.cat\Source.cpp(2064,30): warning C4305: 'argument': truncation from 'double' to 'GLfloat'
C:\Users\User\Documents\RSF2-GP-Assignment\Assignment - Mr.cat\Assignment - Mr.cat\Source.cpp(2066,14): warning C4305: 'argument': truncation from 'double' to 'float'
C:\Users\User\Documents\RSF2-GP-Assignment\Assignment - Mr.cat\Assignment - Mr.cat\Source.cpp(2071,30): warning C4305: 'argument': truncation from 'double' to 'GLfloat'
C:\Users\User\Documents\RSF2-GP-Assignment\Assignment - Mr.cat\Assignment - Mr.cat\Source.cpp(2073,14): warning C4305: 'argument': truncation from 'double' to 'float'
C:\Users\User\Documents\RSF2-GP-Assignment\Assignment - Mr.cat\Assignment - Mr.cat\Source.cpp(2082,23): warning C4305: 'argument': truncation from 'double' to 'float'
C:\Users\User\Documents\RSF2-GP-Assignment\Assignment - Mr.cat\Assignment - Mr.cat\Source.cpp(2088,28): warning C4305: 'argument': truncation from 'double' to 'GLfloat'
C:\Users\User\Documents\RSF2-GP-Assignment\Assignment - Mr.cat\Assignment - Mr.cat\Source.cpp(2091,19): warning C4305: 'argument': truncation from 'double' to 'float'
C:\Users\User\Documents\RSF2-GP-Assignment\Assignment - Mr.cat\Assignment - Mr.cat\Source.cpp(2099,29): warning C4305: 'argument': truncation from 'double' to 'GLfloat'
C:\Users\User\Documents\RSF2-GP-Assignment\Assignment - Mr.cat\Assignment - Mr.cat\Source.cpp(2101,23): warning C4305: 'argument': truncation from 'double' to 'float'
C:\Users\User\Documents\RSF2-GP-Assignment\Assignment - Mr.cat\Assignment - Mr.cat\Source.cpp(2108,28): warning C4305: 'argument': truncation from 'double' to 'GLfloat'
C:\Users\User\Documents\RSF2-GP-Assignment\Assignment - Mr.cat\Assignment - Mr.cat\Source.cpp(2110,28): warning C4305: 'argument': truncation from 'double' to 'float'
C:\Users\User\Documents\RSF2-GP-Assignment\Assignment - Mr.cat\Assignment - Mr.cat\Source.cpp(2115,28): warning C4305: 'argument': truncation from 'double' to 'GLfloat'
C:\Users\User\Documents\RSF2-GP-Assignment\Assignment - Mr.cat\Assignment - Mr.cat\Source.cpp(2117,14): warning C4305: 'argument': truncation from 'double' to 'float'
C:\Users\User\Documents\RSF2-GP-Assignment\Assignment - Mr.cat\Assignment - Mr.cat\Source.cpp(2122,28): warning C4305: 'argument': truncation from 'double' to 'GLfloat'
C:\Users\User\Documents\RSF2-GP-Assignment\Assignment - Mr.cat\Assignment - Mr.cat\Source.cpp(2124,14): warning C4305: 'argument': truncation from 'double' to 'float'
C:\Users\User\Documents\RSF2-GP-Assignment\Assignment - Mr.cat\Assignment - Mr.cat\Source.cpp(2129,29): warning C4305: 'argument': truncation from 'double' to 'GLfloat'
C:\Users\User\Documents\RSF2-GP-Assignment\Assignment - Mr.cat\Assignment - Mr.cat\Source.cpp(2131,28): warning C4305: 'argument': truncation from 'double' to 'float'
C:\Users\User\Documents\RSF2-GP-Assignment\Assignment - Mr.cat\Assignment - Mr.cat\Source.cpp(2136,28): warning C4305: 'argument': truncation from 'double' to 'GLfloat'
C:\Users\User\Documents\RSF2-GP-Assignment\Assignment - Mr.cat\Assignment - Mr.cat\Source.cpp(2138,28): warning C4305: 'argument': truncation from 'double' to 'float'
C:\Users\User\Documents\RSF2-GP-Assignment\Assignment - Mr.cat\Assignment - Mr.cat\Source.cpp(2143,29): warning C4305: 'argument': truncation from 'double' to 'GLfloat'
C:\Users\User\Documents\RSF2-GP-Assignment\Assignment - Mr.cat\Assignment - Mr.cat\Source.cpp(2145,28): warning C4305: 'argument': truncation from 'double' to 'float'
C:\Users\User\Documents\RSF2-GP-Assignment\Assignment - Mr.cat\Assignment - Mr.cat\Source.cpp(2150,29): warning C4305: 'argument': truncation from 'double' to 'GLfloat'
C:\Users\User\Documents\RSF2-GP-Assignment\Assignment - Mr.cat\Assignment - Mr.cat\Source.cpp(2152,14): warning C4305: 'argument': truncation from 'double' to 'float'
C:\Users\User\Documents\RSF2-GP-Assignment\Assignment - Mr.cat\Assignment - Mr.cat\Source.cpp(2157,29): warning C4305: 'argument': truncation from 'double' to 'GLfloat'
C:\Users\User\Documents\RSF2-GP-Assignment\Assignment - Mr.cat\Assignment - Mr.cat\Source.cpp(2159,14): warning C4305: 'argument': truncation from 'double' to 'float'
C:\Users\User\Documents\RSF2-GP-Assignment\Assignment - Mr.cat\Assignment - Mr.cat\Source.cpp(2165,28): warning C4305: 'argument': truncation from 'double' to 'GLfloat'
C:\Users\User\Documents\RSF2-GP-Assignment\Assignment - Mr.cat\Assignment - Mr.cat\Source.cpp(2168,23): warning C4305: 'argument': truncation from 'double' to 'float'
C:\Users\User\Documents\RSF2-GP-Assignment\Assignment - Mr.cat\Assignment - Mr.cat\Source.cpp(2177,19): warning C4305: 'argument': truncation from 'double' to 'float'
C:\Users\User\Documents\RSF2-GP-Assignment\Assignment - Mr.cat\Assignment - Mr.cat\Source.cpp(2186,28): warning C4305: 'argument': truncation from 'double' to 'GLfloat'
C:\Users\User\Documents\RSF2-GP-Assignment\Assignment - Mr.cat\Assignment - Mr.cat\Source.cpp(2192,27): warning C4305: 'argument': truncation from 'double' to 'GLfloat'
C:\Users\User\Documents\RSF2-GP-Assignment\Assignment - Mr.cat\Assignment - Mr.cat\Source.cpp(2194,26): warning C4305: 'argument': truncation from 'double' to 'GLfloat'
C:\Users\User\Documents\RSF2-GP-Assignment\Assignment - Mr.cat\Assignment - Mr.cat\Source.cpp(2196,26): warning C4305: 'argument': truncation from 'double' to 'GLfloat'
C:\Users\User\Documents\RSF2-GP-Assignment\Assignment - Mr.cat\Assignment - Mr.cat\Source.cpp(2198,27): warning C4305: 'argument': truncation from 'double' to 'GLfloat'
C:\Users\User\Documents\RSF2-GP-Assignment\Assignment - Mr.cat\Assignment - Mr.cat\Source.cpp(2202,27): warning C4305: 'argument': truncation from 'double' to 'GLfloat'
C:\Users\User\Documents\RSF2-GP-Assignment\Assignment - Mr.cat\Assignment - Mr.cat\Source.cpp(2204,27): warning C4305: 'argument': truncation from 'double' to 'GLfloat'
C:\Users\User\Documents\RSF2-GP-Assignment\Assignment - Mr.cat\Assignment - Mr.cat\Source.cpp(2206,28): warning C4305: 'argument': truncation from 'double' to 'GLfloat'
C:\Users\User\Documents\RSF2-GP-Assignment\Assignment - Mr.cat\Assignment - Mr.cat\Source.cpp(2208,28): warning C4305: 'argument': truncation from 'double' to 'GLfloat'
C:\Users\User\Documents\RSF2-GP-Assignment\Assignment - Mr.cat\Assignment - Mr.cat\Source.cpp(2212,28): warning C4305: 'argument': truncation from 'double' to 'GLfloat'
C:\Users\User\Documents\RSF2-GP-Assignment\Assignment - Mr.cat\Assignment - Mr.cat\Source.cpp(2214,28): warning C4305: 'argument': truncation from 'double' to 'GLfloat'
C:\Users\User\Documents\RSF2-GP-Assignment\Assignment - Mr.cat\Assignment - Mr.cat\Source.cpp(2216,27): warning C4305: 'argument': truncation from 'double' to 'GLfloat'
C:\Users\User\Documents\RSF2-GP-Assignment\Assignment - Mr.cat\Assignment - Mr.cat\Source.cpp(2218,27): warning C4305: 'argument': truncation from 'double' to 'GLfloat'
C:\Users\User\Documents\RSF2-GP-Assignment\Assignment - Mr.cat\Assignment - Mr.cat\Source.cpp(2222,27): warning C4305: 'argument': truncation from 'double' to 'GLfloat'
C:\Users\User\Documents\RSF2-GP-Assignment\Assignment - Mr.cat\Assignment - Mr.cat\Source.cpp(2224,28): warning C4305: 'argument': truncation from 'double' to 'GLfloat'
C:\Users\User\Documents\RSF2-GP-Assignment\Assignment - Mr.cat\Assignment - Mr.cat\Source.cpp(2226,28): warning C4305: 'argument': truncation from 'double' to 'GLfloat'
C:\Users\User\Documents\RSF2-GP-Assignment\Assignment - Mr.cat\Assignment - Mr.cat\Source.cpp(2228,27): warning C4305: 'argument': truncation from 'double' to 'GLfloat'
C:\Users\User\Documents\RSF2-GP-Assignment\Assignment - Mr.cat\Assignment - Mr.cat\Source.cpp(2232,27): warning C4305: 'argument': truncation from 'double' to 'GLfloat'
C:\Users\User\Documents\RSF2-GP-Assignment\Assignment - Mr.cat\Assignment - Mr.cat\Source.cpp(2234,27): warning C4305: 'argument': truncation from 'double' to 'GLfloat'
C:\Users\User\Documents\RSF2-GP-Assignment\Assignment - Mr.cat\Assignment - Mr.cat\Source.cpp(2236,27): warning C4305: 'argument': truncation from 'double' to 'GLfloat'
C:\Users\User\Documents\RSF2-GP-Assignment\Assignment - Mr.cat\Assignment - Mr.cat\Source.cpp(2238,26): warning C4305: 'argument': truncation from 'double' to 'GLfloat'
C:\Users\User\Documents\RSF2-GP-Assignment\Assignment - Mr.cat\Assignment - Mr.cat\Source.cpp(2242,26): warning C4305: 'argument': truncation from 'double' to 'GLfloat'
C:\Users\User\Documents\RSF2-GP-Assignment\Assignment - Mr.cat\Assignment - Mr.cat\Source.cpp(2244,27): warning C4305: 'argument': truncation from 'double' to 'GLfloat'
C:\Users\User\Documents\RSF2-GP-Assignment\Assignment - Mr.cat\Assignment - Mr.cat\Source.cpp(2246,28): warning C4305: 'argument': truncation from 'double' to 'GLfloat'
C:\Users\User\Documents\RSF2-GP-Assignment\Assignment - Mr.cat\Assignment - Mr.cat\Source.cpp(2248,28): warning C4305: 'argument': truncation from 'double' to 'GLfloat'
C:\Users\User\Documents\RSF2-GP-Assignment\Assignment - Mr.cat\Assignment - Mr.cat\Source.cpp(2258,29): warning C4305: 'argument': truncation from 'double' to 'GLfloat'
C:\Users\User\Documents\RSF2-GP-Assignment\Assignment - Mr.cat\Assignment - Mr.cat\Source.cpp(2261,23): warning C4305: 'argument': truncation from 'double' to 'float'
C:\Users\User\Documents\RSF2-GP-Assignment\Assignment - Mr.cat\Assignment - Mr.cat\Source.cpp(2284,11): warning C4244: '=': conversion from 'double' to 'float', possible loss of data
C:\Users\User\Documents\RSF2-GP-Assignment\Assignment - Mr.cat\Assignment - Mr.cat\Source.cpp(2285,11): warning C4244: '=': conversion from 'double' to 'float', possible loss of data
C:\Users\User\Documents\RSF2-GP-Assignment\Assignment - Mr.cat\Assignment - Mr.cat\Source.cpp(2301,11): warning C4244: '=': conversion from 'double' to 'float', possible loss of data
C:\Users\User\Documents\RSF2-GP-Assignment\Assignment - Mr.cat\Assignment - Mr.cat\Source.cpp(2302,11): warning C4244: '=': conversion from 'double' to 'float', possible loss of data
C:\Users\User\Documents\RSF2-GP-Assignment\Assignment - Mr.cat\Assignment - Mr.cat\Source.cpp(2330,32): warning C4305: 'argument': truncation from 'double' to 'GLfloat'
C:\Users\User\Documents\RSF2-GP-Assignment\Assignment - Mr.cat\Assignment - Mr.cat\Source.cpp(2332,16): warning C4305: 'argument': truncation from 'double' to 'float'
C:\Users\User\Documents\RSF2-GP-Assignment\Assignment - Mr.cat\Assignment - Mr.cat\Source.cpp(2344,29): warning C4305: 'argument': truncation from 'double' to 'GLfloat'
C:\Users\User\Documents\RSF2-GP-Assignment\Assignment - Mr.cat\Assignment - Mr.cat\Source.cpp(2358,32): warning C4305: 'argument': truncation from 'double' to 'GLfloat'
C:\Users\User\Documents\RSF2-GP-Assignment\Assignment - Mr.cat\Assignment - Mr.cat\Source.cpp(2360,14): warning C4305: 'argument': truncation from 'double' to 'float'
C:\Users\User\Documents\RSF2-GP-Assignment\Assignment - Mr.cat\Assignment - Mr.cat\Source.cpp(2371,30): warning C4305: 'argument': truncation from 'double' to 'GLfloat'
C:\Users\User\Documents\RSF2-GP-Assignment\Assignment - Mr.cat\Assignment - Mr.cat\Source.cpp(2374,28): warning C4305: 'argument': truncation from 'double' to 'float'
C:\Users\User\Documents\RSF2-GP-Assignment\Assignment - Mr.cat\Assignment - Mr.cat\Source.cpp(2385,30): warning C4305: 'argument': truncation from 'double' to 'GLfloat'
C:\Users\User\Documents\RSF2-GP-Assignment\Assignment - Mr.cat\Assignment - Mr.cat\Source.cpp(2388,28): warning C4305: 'argument': truncation from 'double' to 'float'
C:\Users\User\Documents\RSF2-GP-Assignment\Assignment - Mr.cat\Assignment - Mr.cat\Source.cpp(2413,32): warning C4305: 'argument': truncation from 'double' to 'GLfloat'
C:\Users\User\Documents\RSF2-GP-Assignment\Assignment - Mr.cat\Assignment - Mr.cat\Source.cpp(2415,16): warning C4305: 'argument': truncation from 'double' to 'float'
C:\Users\User\Documents\RSF2-GP-Assignment\Assignment - Mr.cat\Assignment - Mr.cat\Source.cpp(2427,29): warning C4305: 'argument': truncation from 'double' to 'GLfloat'
C:\Users\User\Documents\RSF2-GP-Assignment\Assignment - Mr.cat\Assignment - Mr.cat\Source.cpp(2442,32): warning C4305: 'argument': truncation from 'double' to 'GLfloat'
C:\Users\User\Documents\RSF2-GP-Assignment\Assignment - Mr.cat\Assignment - Mr.cat\Source.cpp(2444,14): warning C4305: 'argument': truncation from 'double' to 'float'
C:\Users\User\Documents\RSF2-GP-Assignment\Assignment - Mr.cat\Assignment - Mr.cat\Source.cpp(2455,30): warning C4305: 'argument': truncation from 'double' to 'GLfloat'
C:\Users\User\Documents\RSF2-GP-Assignment\Assignment - Mr.cat\Assignment - Mr.cat\Source.cpp(2458,28): warning C4305: 'argument': truncation from 'double' to 'float'
C:\Users\User\Documents\RSF2-GP-Assignment\Assignment - Mr.cat\Assignment - Mr.cat\Source.cpp(2469,30): warning C4305: 'argument': truncation from 'double' to 'GLfloat'
C:\Users\User\Documents\RSF2-GP-Assignment\Assignment - Mr.cat\Assignment - Mr.cat\Source.cpp(2472,28): warning C4305: 'argument': truncation from 'double' to 'float'
C:\Users\User\Documents\RSF2-GP-Assignment\Assignment - Mr.cat\Assignment - Mr.cat\Source.cpp(2482,16): warning C4305: 'argument': truncation from 'double' to 'float'
C:\Users\User\Documents\RSF2-GP-Assignment\Assignment - Mr.cat\Assignment - Mr.cat\Source.cpp(2487,29): warning C4305: 'argument': truncation from 'double' to 'GLfloat'
C:\Users\User\Documents\RSF2-GP-Assignment\Assignment - Mr.cat\Assignment - Mr.cat\Source.cpp(2489,16): warning C4305: 'argument': truncation from 'double' to 'float'
C:\Users\User\Documents\RSF2-GP-Assignment\Assignment - Mr.cat\Assignment - Mr.cat\Source.cpp(2494,29): warning C4305: 'argument': truncation from 'double' to 'GLfloat'
C:\Users\User\Documents\RSF2-GP-Assignment\Assignment - Mr.cat\Assignment - Mr.cat\Source.cpp(2496,16): warning C4305: 'argument': truncation from 'double' to 'float'
C:\Users\User\Documents\RSF2-GP-Assignment\Assignment - Mr.cat\Assignment - Mr.cat\Source.cpp(2501,29): warning C4305: 'argument': truncation from 'double' to 'GLfloat'
C:\Users\User\Documents\RSF2-GP-Assignment\Assignment - Mr.cat\Assignment - Mr.cat\Source.cpp(2503,16): warning C4305: 'argument': truncation from 'double' to 'float'
C:\Users\User\Documents\RSF2-GP-Assignment\Assignment - Mr.cat\Assignment - Mr.cat\Source.cpp(2508,29): warning C4305: 'argument': truncation from 'double' to 'GLfloat'
C:\Users\User\Documents\RSF2-GP-Assignment\Assignment - Mr.cat\Assignment - Mr.cat\Source.cpp(2510,16): warning C4305: 'argument': truncation from 'double' to 'float'
C:\Users\User\Documents\RSF2-GP-Assignment\Assignment - Mr.cat\Assignment - Mr.cat\Source.cpp(2515,29): warning C4305: 'argument': truncation from 'double' to 'GLfloat'
C:\Users\User\Documents\RSF2-GP-Assignment\Assignment - Mr.cat\Assignment - Mr.cat\Source.cpp(2517,16): warning C4305: 'argument': truncation from 'double' to 'float'
C:\Users\User\Documents\RSF2-GP-Assignment\Assignment - Mr.cat\Assignment - Mr.cat\Source.cpp(2522,29): warning C4305: 'argument': truncation from 'double' to 'GLfloat'
C:\Users\User\Documents\RSF2-GP-Assignment\Assignment - Mr.cat\Assignment - Mr.cat\Source.cpp(2524,16): warning C4305: 'argument': truncation from 'double' to 'float'
C:\Users\User\Documents\RSF2-GP-Assignment\Assignment - Mr.cat\Assignment - Mr.cat\Source.cpp(2529,29): warning C4305: 'argument': truncation from 'double' to 'GLfloat'
C:\Users\User\Documents\RSF2-GP-Assignment\Assignment - Mr.cat\Assignment - Mr.cat\Source.cpp(2531,16): warning C4305: 'argument': truncation from 'double' to 'float'
C:\Users\User\Documents\RSF2-GP-Assignment\Assignment - Mr.cat\Assignment - Mr.cat\Source.cpp(2536,29): warning C4305: 'argument': truncation from 'double' to 'GLfloat'
C:\Users\User\Documents\RSF2-GP-Assignment\Assignment - Mr.cat\Assignment - Mr.cat\Source.cpp(2538,16): warning C4305: 'argument': truncation from 'double' to 'float'
C:\Users\User\Documents\RSF2-GP-Assignment\Assignment - Mr.cat\Assignment - Mr.cat\Source.cpp(2543,31): warning C4305: 'argument': truncation from 'double' to 'GLfloat'
C:\Users\User\Documents\RSF2-GP-Assignment\Assignment - Mr.cat\Assignment - Mr.cat\Source.cpp(2545,16): warning C4305: 'argument': truncation from 'double' to 'float'
C:\Users\User\Documents\RSF2-GP-Assignment\Assignment - Mr.cat\Assignment - Mr.cat\Source.cpp(2550,31): warning C4305: 'argument': truncation from 'double' to 'GLfloat'
C:\Users\User\Documents\RSF2-GP-Assignment\Assignment - Mr.cat\Assignment - Mr.cat\Source.cpp(2552,16): warning C4305: 'argument': truncation from 'double' to 'float'
C:\Users\User\Documents\RSF2-GP-Assignment\Assignment - Mr.cat\Assignment - Mr.cat\Source.cpp(2557,31): warning C4305: 'argument': truncation from 'double' to 'GLfloat'
C:\Users\User\Documents\RSF2-GP-Assignment\Assignment - Mr.cat\Assignment - Mr.cat\Source.cpp(2559,16): warning C4305: 'argument': truncation from 'double' to 'float'
C:\Users\User\Documents\RSF2-GP-Assignment\Assignment - Mr.cat\Assignment - Mr.cat\Source.cpp(2566,16): warning C4305: 'argument': truncation from 'double' to 'float'
C:\Users\User\Documents\RSF2-GP-Assignment\Assignment - Mr.cat\Assignment - Mr.cat\Source.cpp(2571,30): warning C4305: 'argument': truncation from 'double' to 'GLfloat'
C:\Users\User\Documents\RSF2-GP-Assignment\Assignment - Mr.cat\Assignment - Mr.cat\Source.cpp(2573,16): warning C4305: 'argument': truncation from 'double' to 'float'
C:\Users\User\Documents\RSF2-GP-Assignment\Assignment - Mr.cat\Assignment - Mr.cat\Source.cpp(2578,30): warning C4305: 'argument': truncation from 'double' to 'GLfloat'
C:\Users\User\Documents\RSF2-GP-Assignment\Assignment - Mr.cat\Assignment - Mr.cat\Source.cpp(2580,16): warning C4305: 'argument': truncation from 'double' to 'float'
C:\Users\User\Documents\RSF2-GP-Assignment\Assignment - Mr.cat\Assignment - Mr.cat\Source.cpp(2585,30): warning C4305: 'argument': truncation from 'double' to 'GLfloat'
C:\Users\User\Documents\RSF2-GP-Assignment\Assignment - Mr.cat\Assignment - Mr.cat\Source.cpp(2587,16): warning C4305: 'argument': truncation from 'double' to 'float'
C:\Users\User\Documents\RSF2-GP-Assignment\Assignment - Mr.cat\Assignment - Mr.cat\Source.cpp(2592,30): warning C4305: 'argument': truncation from 'double' to 'GLfloat'
C:\Users\User\Documents\RSF2-GP-Assignment\Assignment - Mr.cat\Assignment - Mr.cat\Source.cpp(2594,16): warning C4305: 'argument': truncation from 'double' to 'float'
C:\Users\User\Documents\RSF2-GP-Assignment\Assignment - Mr.cat\Assignment - Mr.cat\Source.cpp(2599,30): warning C4305: 'argument': truncation from 'double' to 'GLfloat'
C:\Users\User\Documents\RSF2-GP-Assignment\Assignment - Mr.cat\Assignment - Mr.cat\Source.cpp(2601,16): warning C4305: 'argument': truncation from 'double' to 'float'
C:\Users\User\Documents\RSF2-GP-Assignment\Assignment - Mr.cat\Assignment - Mr.cat\Source.cpp(2606,30): warning C4305: 'argument': truncation from 'double' to 'GLfloat'
C:\Users\User\Documents\RSF2-GP-Assignment\Assignment - Mr.cat\Assignment - Mr.cat\Source.cpp(2608,16): warning C4305: 'argument': truncation from 'double' to 'float'
C:\Users\User\Documents\RSF2-GP-Assignment\Assignment - Mr.cat\Assignment - Mr.cat\Source.cpp(2613,30): warning C4305: 'argument': truncation from 'double' to 'GLfloat'
C:\Users\User\Documents\RSF2-GP-Assignment\Assignment - Mr.cat\Assignment - Mr.cat\Source.cpp(2615,16): warning C4305: 'argument': truncation from 'double' to 'float'
C:\Users\User\Documents\RSF2-GP-Assignment\Assignment - Mr.cat\Assignment - Mr.cat\Source.cpp(2620,30): warning C4305: 'argument': truncation from 'double' to 'GLfloat'
C:\Users\User\Documents\RSF2-GP-Assignment\Assignment - Mr.cat\Assignment - Mr.cat\Source.cpp(2622,16): warning C4305: 'argument': truncation from 'double' to 'float'
C:\Users\User\Documents\RSF2-GP-Assignment\Assignment - Mr.cat\Assignment - Mr.cat\Source.cpp(2627,31): warning C4305: 'argument': truncation from 'double' to 'GLfloat'
C:\Users\User\Documents\RSF2-GP-Assignment\Assignment - Mr.cat\Assignment - Mr.cat\Source.cpp(2629,16): warning C4305: 'argument': truncation from 'double' to 'float'
C:\Users\User\Documents\RSF2-GP-Assignment\Assignment - Mr.cat\Assignment - Mr.cat\Source.cpp(2634,31): warning C4305: 'argument': truncation from 'double' to 'GLfloat'
C:\Users\User\Documents\RSF2-GP-Assignment\Assignment - Mr.cat\Assignment - Mr.cat\Source.cpp(2636,16): warning C4305: 'argument': truncation from 'double' to 'float'
C:\Users\User\Documents\RSF2-GP-Assignment\Assignment - Mr.cat\Assignment - Mr.cat\Source.cpp(2641,31): warning C4305: 'argument': truncation from 'double' to 'GLfloat'
C:\Users\User\Documents\RSF2-GP-Assignment\Assignment - Mr.cat\Assignment - Mr.cat\Source.cpp(2643,16): warning C4305: 'argument': truncation from 'double' to 'float'
C:\Users\User\Documents\RSF2-GP-Assignment\Assignment - Mr.cat\Assignment - Mr.cat\Source.cpp(2648,29): warning C4305: 'argument': truncation from 'double' to 'GLfloat'
C:\Users\User\Documents\RSF2-GP-Assignment\Assignment - Mr.cat\Assignment - Mr.cat\Source.cpp(2652,19): warning C4305: 'argument': truncation from 'double' to 'float'
C:\Users\User\Documents\RSF2-GP-Assignment\Assignment - Mr.cat\Assignment - Mr.cat\Source.cpp(2685,17): warning C4305: 'argument': truncation from 'double' to 'float'
C:\Users\User\Documents\RSF2-GP-Assignment\Assignment - Mr.cat\Assignment - Mr.cat\Source.cpp(2698,17): warning C4305: 'argument': truncation from 'double' to 'float'
C:\Users\User\Documents\RSF2-GP-Assignment\Assignment - Mr.cat\Assignment - Mr.cat\Source.cpp(2781,31): warning C4305: 'argument': truncation from 'double' to 'GLfloat'
C:\Users\User\Documents\RSF2-GP-Assignment\Assignment - Mr.cat\Assignment - Mr.cat\Source.cpp(2787,32): warning C4305: 'argument': truncation from 'double' to 'GLfloat'
C:\Users\User\Documents\RSF2-GP-Assignment\Assignment - Mr.cat\Assignment - Mr.cat\Source.cpp(2799,31): warning C4305: 'argument': truncation from 'double' to 'GLfloat'
C:\Users\User\Documents\RSF2-GP-Assignment\Assignment - Mr.cat\Assignment - Mr.cat\Source.cpp(2817,32): warning C4305: 'argument': truncation from 'double' to 'GLfloat'
C:\Users\User\Documents\RSF2-GP-Assignment\Assignment - Mr.cat\Assignment - Mr.cat\Source.cpp(2834,32): warning C4305: 'argument': truncation from 'double' to 'GLfloat'
C:\Users\User\Documents\RSF2-GP-Assignment\Assignment - Mr.cat\Assignment - Mr.cat\Source.cpp(2840,33): warning C4305: 'argument': truncation from 'double' to 'GLfloat'
C:\Users\User\Documents\RSF2-GP-Assignment\Assignment - Mr.cat\Assignment - Mr.cat\Source.cpp(2853,31): warning C4305: 'argument': truncation from 'double' to 'GLfloat'
C:\Users\User\Documents\RSF2-GP-Assignment\Assignment - Mr.cat\Assignment - Mr.cat\Source.cpp(2723,9): warning C4101: 'swordTextures': unreferenced local variable
  Assignment - Mr.cat.vcxproj -> C:\Users\User\Documents\RSF2-GP-Assignment\Assignment - Mr.cat\x64\Debug\Assignment - Mr.cat.exe
